app/build/intermediates/manifest_merge_blame_file/debug/manifest-merger-blame-debug-report.txt
1<?xml version="1.0" encoding="utf-8"?>
2<manifest xmlns:android="http://schemas.android.com/apk/res/android"
3    xmlns:dist="http://schemas.android.com/apk/distribution"
4    package="com.example.progmobkelompok9"
5    android:versionCode="1"
6    android:versionName="1.0" >
7
8    <uses-sdk
9        android:minSdkVersion="19"
9-->src\main\AndroidManifest.xml
10        android:targetSdkVersion="28" />
10-->src\main\AndroidManifest.xml
11
12    <uses-permission android:name="android.permission.INTERNET" />
12-->src\main\AndroidManifest.xml:7:5-66
12-->src\main\AndroidManifest.xml:7:22-64
13    <uses-permission android:name="android.permission.READ_EXTERNAL_STORAGE" />
13-->src\main\AndroidManifest.xml:8:5-79
13-->src\main\AndroidManifest.xml:8:22-77
14    <uses-permission android:name="android.permission.WRITE_EXTERNAL_STORAGE" />
14-->src\main\AndroidManifest.xml:9:5-80
14-->src\main\AndroidManifest.xml:9:22-78
15
16    <dist:module dist:instant="true" />
16-->src\main\AndroidManifest.xml:11:5-40
16-->src\main\AndroidManifest.xml:11:18-37
17
18    <application
18-->src\main\AndroidManifest.xml:13:5-56:19
19        android:allowBackup="true"
19-->src\main\AndroidManifest.xml:14:9-35
20        android:appComponentFactory="androidx.core.app.CoreComponentFactory"
20-->[androidx.core:core:1.1.0] AndroidManifest.xml:24:18-86
21        android:debuggable="true"
22        android:icon="@mipmap/ic_launcher"
22-->src\main\AndroidManifest.xml:15:9-43
23        android:label="@string/app_name"
23-->src\main\AndroidManifest.xml:16:9-41
24        android:networkSecurityConfig="@xml/network_security_config"
24-->src\main\AndroidManifest.xml:19:9-69
25        android:roundIcon="@mipmap/ic_launcher_round"
25-->src\main\AndroidManifest.xml:17:9-54
26        android:supportsRtl="true"
26-->src\main\AndroidManifest.xml:18:9-35
27        android:testOnly="true"
28        android:theme="@style/AppTheme" >
28-->src\main\AndroidManifest.xml:20:9-40
29        <activity android:name="com.example.progmobkelompok9.UpdateDocumentActivity" />
29-->src\main\AndroidManifest.xml:21:9-69
29-->src\main\AndroidManifest.xml:21:19-57
30        <activity android:name="com.example.progmobkelompok9.AddDocumentActivity" />
30-->src\main\AndroidManifest.xml:22:9-57
30-->src\main\AndroidManifest.xml:22:19-54
31        <activity
31-->src\main\AndroidManifest.xml:23:9-25:54
32            android:name="com.example.progmobkelompok9.DocumentDetailActivity"
32-->src\main\AndroidManifest.xml:24:13-51
33            android:windowSoftInputMode="adjustPan" />
33-->src\main\AndroidManifest.xml:25:13-52
34        <activity android:name="com.example.progmobkelompok9.CategoryDetailActivity" />
34-->src\main\AndroidManifest.xml:26:9-60
34-->src\main\AndroidManifest.xml:26:19-57
35        <activity
35-->src\main\AndroidManifest.xml:27:9-28:31
36            android:name="com.example.progmobkelompok9.OfflineDocumentActivity"
36-->src\main\AndroidManifest.xml:27:19-58
37            android:label="" />
37-->src\main\AndroidManifest.xml:28:13-29
38        <activity android:name="com.example.progmobkelompok9.MySubscribeActivity" />
38-->src\main\AndroidManifest.xml:29:9-57
38-->src\main\AndroidManifest.xml:29:19-54
39        <activity android:name="com.example.progmobkelompok9.MyHistoryActivity" />
39-->src\main\AndroidManifest.xml:30:9-55
39-->src\main\AndroidManifest.xml:30:19-52
40        <activity android:name="com.example.progmobkelompok9.TentangAplikasiActivity" />
40-->src\main\AndroidManifest.xml:31:9-61
40-->src\main\AndroidManifest.xml:31:19-58
41        <activity
41-->src\main\AndroidManifest.xml:32:9-35:59
42            android:name="com.example.progmobkelompok9.LoginActivity"
42-->src\main\AndroidManifest.xml:33:13-42
43            android:label="@string/app_name"
43-->src\main\AndroidManifest.xml:34:13-45
44            android:theme="@style/AppTheme.NoActionBar" />
44-->src\main\AndroidManifest.xml:35:13-56
45        <activity
45-->src\main\AndroidManifest.xml:36:9-39:59
46            android:name="com.example.progmobkelompok9.RegisterActivity"
46-->src\main\AndroidManifest.xml:37:13-45
47            android:label="@string/app_name"
47-->src\main\AndroidManifest.xml:38:13-45
48            android:theme="@style/AppTheme.NoActionBar" />
48-->src\main\AndroidManifest.xml:39:13-56
49        <activity
49-->src\main\AndroidManifest.xml:40:9-49:20
50            android:name="com.example.progmobkelompok9.MainActivity"
50-->src\main\AndroidManifest.xml:41:13-41
51            android:label="Home Screen"
51-->src\main\AndroidManifest.xml:42:13-40
52            android:theme="@style/AppTheme.NoActionBar" >
52-->src\main\AndroidManifest.xml:43:13-56
53            <intent-filter>
53-->src\main\AndroidManifest.xml:44:13-48:29
54                <action android:name="android.intent.action.MAIN" />
54-->src\main\AndroidManifest.xml:45:17-69
54-->src\main\AndroidManifest.xml:45:25-66
55
56                <category android:name="android.intent.category.LAUNCHER" />
56-->src\main\AndroidManifest.xml:47:17-77
56-->src\main\AndroidManifest.xml:47:27-74
57            </intent-filter>
58        </activity>
59        <activity
59-->src\main\AndroidManifest.xml:50:9-51:31
60            android:name="com.example.progmobkelompok9.OfflineDocumentDetailActivity"
60-->src\main\AndroidManifest.xml:50:19-64
61            android:label="" />
61-->src\main\AndroidManifest.xml:51:13-29
62
63        <meta-data
63-->src\main\AndroidManifest.xml:53:9-55:57
64            android:name="preloaded_fonts"
64-->src\main\AndroidManifest.xml:54:13-43
65            android:resource="@array/preloaded_fonts" />
65-->src\main\AndroidManifest.xml:55:13-54
66    </application>
67
68</manifest>